2020-05-27 16:58:12.614 [main] INFO  cn.mrray.raybaas.demo.DemoSpringbootApplication - Starting DemoSpringbootApplication on DESKTOP-71JN9RA with PID 54664 (C:\Users\lenovo\IdeaProjects\raybaas-demo\sdk-demo-spring\target\classes started by lenovo in C:\Users\lenovo\IdeaProjects\raybaas-demo)
2020-05-27 16:58:12.616 [main] INFO  cn.mrray.raybaas.demo.DemoSpringbootApplication - No active profile set, falling back to default profiles: default
2020-05-27 16:58:13.887 [main] INFO  org.springframework.boot.web.embedded.tomcat.TomcatWebServer - Tomcat initialized with port(s): 8085 (http)
2020-05-27 16:58:13.897 [main] INFO  org.apache.coyote.http11.Http11NioProtocol - Initializing ProtocolHandler ["http-nio-8085"]
2020-05-27 16:58:13.910 [main] INFO  org.apache.catalina.core.StandardService - Starting service [Tomcat]
2020-05-27 16:58:13.911 [main] INFO  org.apache.catalina.core.StandardEngine - Starting Servlet Engine: Apache Tomcat/9.0.13
2020-05-27 16:58:13.915 [main] INFO  org.apache.catalina.core.AprLifecycleListener - The APR based Apache Tomcat Native library which allows optimal performance in production environments was not found on the java.library.path: [C:\Program Files\Java\jdk1.8.0_131\bin;C:\WINDOWS\Sun\Java\bin;C:\WINDOWS\system32;C:\WINDOWS;C:\WINDOWS\system32;C:\WINDOWS;C:\WINDOWS\System32\Wbem;C:\WINDOWS\System32\WindowsPowerShell\v1.0\;C:\WINDOWS\System32\OpenSSH\;C:\Program Files (x86)\Intel\Intel(R) Management Engine Components\DAL;C:\Program Files\Intel\Intel(R) Management Engine Components\DAL;D:\node\;D:\SoftwareInstall\Xftp 6;D:\SoftwareInstall\Xshell 6;C:\Python38;C:\Python38\Scripts;C:\Program Files\Java\jdk1.8.0_131\bin;C:\Program Files\Java\jdk1.8.0_131\jre\bin;C:\Program Files (x86)\Windows Kits\8.1\Windows Performance Toolkit\;D:\SoftwareInstall\Pandoc\;D:\maven\apache-maven-3.6.3\bin;C:\Users\lenovo\AppData\Local\Microsoft\WindowsApps;C:\Users\lenovo\AppData\Roaming\npm;;.]
2020-05-27 16:58:14.006 [main] INFO  org.apache.catalina.core.ContainerBase.[Tomcat].[localhost].[/] - Initializing Spring embedded WebApplicationContext
2020-05-27 16:58:14.006 [main] INFO  org.springframework.web.context.ContextLoader - Root WebApplicationContext: initialization completed in 1339 ms
2020-05-27 16:58:14.061 [main] INFO  org.apache.catalina.core.StandardService - Stopping service [Tomcat]
2020-05-27 16:58:14.069 [main] INFO  org.springframework.boot.autoconfigure.logging.ConditionEvaluationReportLoggingListener - 

Error starting ApplicationContext. To display the conditions report re-run your application with 'debug' enabled.
2020-05-27 16:59:41.956 [main] INFO  cn.mrray.raybaas.demo.DemoSpringbootApplication - Starting DemoSpringbootApplication on DESKTOP-71JN9RA with PID 27148 (C:\Users\lenovo\IdeaProjects\raybaas-demo\sdk-demo-spring\target\classes started by lenovo in C:\Users\lenovo\IdeaProjects\raybaas-demo)
2020-05-27 16:59:41.958 [main] INFO  cn.mrray.raybaas.demo.DemoSpringbootApplication - No active profile set, falling back to default profiles: default
2020-05-27 16:59:42.884 [main] INFO  org.springframework.boot.web.embedded.tomcat.TomcatWebServer - Tomcat initialized with port(s): 8085 (http)
2020-05-27 16:59:42.892 [main] INFO  org.apache.coyote.http11.Http11NioProtocol - Initializing ProtocolHandler ["http-nio-8085"]
2020-05-27 16:59:42.898 [main] INFO  org.apache.catalina.core.StandardService - Starting service [Tomcat]
2020-05-27 16:59:42.899 [main] INFO  org.apache.catalina.core.StandardEngine - Starting Servlet Engine: Apache Tomcat/9.0.13
2020-05-27 16:59:42.904 [main] INFO  org.apache.catalina.core.AprLifecycleListener - The APR based Apache Tomcat Native library which allows optimal performance in production environments was not found on the java.library.path: [C:\Program Files\Java\jdk1.8.0_131\bin;C:\WINDOWS\Sun\Java\bin;C:\WINDOWS\system32;C:\WINDOWS;C:\WINDOWS\system32;C:\WINDOWS;C:\WINDOWS\System32\Wbem;C:\WINDOWS\System32\WindowsPowerShell\v1.0\;C:\WINDOWS\System32\OpenSSH\;C:\Program Files (x86)\Intel\Intel(R) Management Engine Components\DAL;C:\Program Files\Intel\Intel(R) Management Engine Components\DAL;D:\node\;D:\SoftwareInstall\Xftp 6;D:\SoftwareInstall\Xshell 6;C:\Python38;C:\Python38\Scripts;C:\Program Files\Java\jdk1.8.0_131\bin;C:\Program Files\Java\jdk1.8.0_131\jre\bin;C:\Program Files (x86)\Windows Kits\8.1\Windows Performance Toolkit\;D:\SoftwareInstall\Pandoc\;D:\maven\apache-maven-3.6.3\bin;C:\Users\lenovo\AppData\Local\Microsoft\WindowsApps;C:\Users\lenovo\AppData\Roaming\npm;;.]
2020-05-27 16:59:42.983 [main] INFO  org.apache.catalina.core.ContainerBase.[Tomcat].[localhost].[/] - Initializing Spring embedded WebApplicationContext
2020-05-27 16:59:42.983 [main] INFO  org.springframework.web.context.ContextLoader - Root WebApplicationContext: initialization completed in 979 ms
2020-05-27 16:59:43.033 [main] INFO  org.apache.catalina.core.StandardService - Stopping service [Tomcat]
2020-05-27 16:59:43.041 [main] INFO  org.springframework.boot.autoconfigure.logging.ConditionEvaluationReportLoggingListener - 

Error starting ApplicationContext. To display the conditions report re-run your application with 'debug' enabled.
2020-05-27 17:03:12.410 [main] INFO  cn.mrray.raybaas.demo.DemoSpringbootApplication - Starting DemoSpringbootApplication on DESKTOP-71JN9RA with PID 48548 (C:\Users\lenovo\IdeaProjects\raybaas-demo\sdk-demo-spring\target\classes started by lenovo in C:\Users\lenovo\IdeaProjects\raybaas-demo)
2020-05-27 17:03:12.412 [main] INFO  cn.mrray.raybaas.demo.DemoSpringbootApplication - No active profile set, falling back to default profiles: default
2020-05-27 17:03:13.350 [main] INFO  org.springframework.boot.web.embedded.tomcat.TomcatWebServer - Tomcat initialized with port(s): 8080 (http)
2020-05-27 17:03:13.359 [main] INFO  org.apache.coyote.http11.Http11NioProtocol - Initializing ProtocolHandler ["http-nio-8080"]
2020-05-27 17:03:13.365 [main] INFO  org.apache.catalina.core.StandardService - Starting service [Tomcat]
2020-05-27 17:03:13.366 [main] INFO  org.apache.catalina.core.StandardEngine - Starting Servlet Engine: Apache Tomcat/9.0.13
2020-05-27 17:03:13.370 [main] INFO  org.apache.catalina.core.AprLifecycleListener - The APR based Apache Tomcat Native library which allows optimal performance in production environments was not found on the java.library.path: [C:\Program Files\Java\jdk1.8.0_131\bin;C:\WINDOWS\Sun\Java\bin;C:\WINDOWS\system32;C:\WINDOWS;C:\WINDOWS\system32;C:\WINDOWS;C:\WINDOWS\System32\Wbem;C:\WINDOWS\System32\WindowsPowerShell\v1.0\;C:\WINDOWS\System32\OpenSSH\;C:\Program Files (x86)\Intel\Intel(R) Management Engine Components\DAL;C:\Program Files\Intel\Intel(R) Management Engine Components\DAL;D:\node\;D:\SoftwareInstall\Xftp 6;D:\SoftwareInstall\Xshell 6;C:\Python38;C:\Python38\Scripts;C:\Program Files\Java\jdk1.8.0_131\bin;C:\Program Files\Java\jdk1.8.0_131\jre\bin;C:\Program Files (x86)\Windows Kits\8.1\Windows Performance Toolkit\;D:\SoftwareInstall\Pandoc\;D:\maven\apache-maven-3.6.3\bin;C:\Users\lenovo\AppData\Local\Microsoft\WindowsApps;C:\Users\lenovo\AppData\Roaming\npm;;.]
2020-05-27 17:03:13.457 [main] INFO  org.apache.catalina.core.ContainerBase.[Tomcat].[localhost].[/] - Initializing Spring embedded WebApplicationContext
2020-05-27 17:03:13.458 [main] INFO  org.springframework.web.context.ContextLoader - Root WebApplicationContext: initialization completed in 1013 ms
2020-05-27 17:03:13.496 [main] INFO  org.apache.catalina.core.StandardService - Stopping service [Tomcat]
2020-05-27 17:03:13.504 [main] INFO  org.springframework.boot.autoconfigure.logging.ConditionEvaluationReportLoggingListener - 

Error starting ApplicationContext. To display the conditions report re-run your application with 'debug' enabled.
2020-05-27 17:32:50.095 [main] INFO  cn.mrray.raybaas.demo.DemoSpringbootApplication - Starting DemoSpringbootApplication on DESKTOP-71JN9RA with PID 91352 (C:\Users\lenovo\IdeaProjects\raybaas-demo\sdk-demo-spring\target\classes started by lenovo in C:\Users\lenovo\IdeaProjects\raybaas-demo)
2020-05-27 17:32:50.098 [main] INFO  cn.mrray.raybaas.demo.DemoSpringbootApplication - No active profile set, falling back to default profiles: default
2020-05-27 17:32:51.093 [main] INFO  org.springframework.boot.web.embedded.tomcat.TomcatWebServer - Tomcat initialized with port(s): 8085 (http)
2020-05-27 17:32:51.102 [main] INFO  org.apache.coyote.http11.Http11NioProtocol - Initializing ProtocolHandler ["http-nio-8085"]
2020-05-27 17:32:51.108 [main] INFO  org.apache.catalina.core.StandardService - Starting service [Tomcat]
2020-05-27 17:32:51.108 [main] INFO  org.apache.catalina.core.StandardEngine - Starting Servlet Engine: Apache Tomcat/9.0.13
2020-05-27 17:32:51.113 [main] INFO  org.apache.catalina.core.AprLifecycleListener - The APR based Apache Tomcat Native library which allows optimal performance in production environments was not found on the java.library.path: [C:\Program Files\Java\jdk1.8.0_131\bin;C:\WINDOWS\Sun\Java\bin;C:\WINDOWS\system32;C:\WINDOWS;C:\WINDOWS\system32;C:\WINDOWS;C:\WINDOWS\System32\Wbem;C:\WINDOWS\System32\WindowsPowerShell\v1.0\;C:\WINDOWS\System32\OpenSSH\;C:\Program Files (x86)\Intel\Intel(R) Management Engine Components\DAL;C:\Program Files\Intel\Intel(R) Management Engine Components\DAL;D:\node\;D:\SoftwareInstall\Xftp 6;D:\SoftwareInstall\Xshell 6;C:\Python38;C:\Python38\Scripts;C:\Program Files\Java\jdk1.8.0_131\bin;C:\Program Files\Java\jdk1.8.0_131\jre\bin;C:\Program Files (x86)\Windows Kits\8.1\Windows Performance Toolkit\;D:\SoftwareInstall\Pandoc\;D:\maven\apache-maven-3.6.3\bin;C:\Users\lenovo\AppData\Local\Microsoft\WindowsApps;C:\Users\lenovo\AppData\Roaming\npm;;.]
2020-05-27 17:32:51.195 [main] INFO  org.apache.catalina.core.ContainerBase.[Tomcat].[localhost].[/] - Initializing Spring embedded WebApplicationContext
2020-05-27 17:32:51.195 [main] INFO  org.springframework.web.context.ContextLoader - Root WebApplicationContext: initialization completed in 1040 ms
2020-05-27 17:32:51.234 [main] INFO  org.apache.catalina.core.StandardService - Stopping service [Tomcat]
2020-05-27 17:32:51.243 [main] INFO  org.springframework.boot.autoconfigure.logging.ConditionEvaluationReportLoggingListener - 

Error starting ApplicationContext. To display the conditions report re-run your application with 'debug' enabled.
2020-05-27 17:36:08.865 [main] INFO  cn.mrray.raybaas.demo.DemoSpringbootApplication - Starting DemoSpringbootApplication on DESKTOP-71JN9RA with PID 35464 (C:\Users\lenovo\IdeaProjects\raybaas-demo\sdk-demo-spring\target\classes started by lenovo in C:\Users\lenovo\IdeaProjects\raybaas-demo)
2020-05-27 17:36:08.867 [main] INFO  cn.mrray.raybaas.demo.DemoSpringbootApplication - No active profile set, falling back to default profiles: default
2020-05-27 17:36:09.898 [main] INFO  org.springframework.boot.web.embedded.tomcat.TomcatWebServer - Tomcat initialized with port(s): 8085 (http)
2020-05-27 17:36:09.908 [main] INFO  org.apache.coyote.http11.Http11NioProtocol - Initializing ProtocolHandler ["http-nio-8085"]
2020-05-27 17:36:09.915 [main] INFO  org.apache.catalina.core.StandardService - Starting service [Tomcat]
2020-05-27 17:36:09.916 [main] INFO  org.apache.catalina.core.StandardEngine - Starting Servlet Engine: Apache Tomcat/9.0.13
2020-05-27 17:36:09.922 [main] INFO  org.apache.catalina.core.AprLifecycleListener - The APR based Apache Tomcat Native library which allows optimal performance in production environments was not found on the java.library.path: [C:\Program Files\Java\jdk1.8.0_131\bin;C:\WINDOWS\Sun\Java\bin;C:\WINDOWS\system32;C:\WINDOWS;C:\WINDOWS\system32;C:\WINDOWS;C:\WINDOWS\System32\Wbem;C:\WINDOWS\System32\WindowsPowerShell\v1.0\;C:\WINDOWS\System32\OpenSSH\;C:\Program Files (x86)\Intel\Intel(R) Management Engine Components\DAL;C:\Program Files\Intel\Intel(R) Management Engine Components\DAL;D:\node\;D:\SoftwareInstall\Xftp 6;D:\SoftwareInstall\Xshell 6;C:\Python38;C:\Python38\Scripts;C:\Program Files\Java\jdk1.8.0_131\bin;C:\Program Files\Java\jdk1.8.0_131\jre\bin;C:\Program Files (x86)\Windows Kits\8.1\Windows Performance Toolkit\;D:\SoftwareInstall\Pandoc\;D:\maven\apache-maven-3.6.3\bin;C:\Users\lenovo\AppData\Local\Microsoft\WindowsApps;C:\Users\lenovo\AppData\Roaming\npm;;.]
2020-05-27 17:36:10.019 [main] INFO  org.apache.catalina.core.ContainerBase.[Tomcat].[localhost].[/] - Initializing Spring embedded WebApplicationContext
2020-05-27 17:36:10.019 [main] INFO  org.springframework.web.context.ContextLoader - Root WebApplicationContext: initialization completed in 1087 ms
2020-05-27 17:36:10.069 [main] INFO  org.apache.catalina.core.StandardService - Stopping service [Tomcat]
2020-05-27 17:36:10.078 [main] INFO  org.springframework.boot.autoconfigure.logging.ConditionEvaluationReportLoggingListener - 

Error starting ApplicationContext. To display the conditions report re-run your application with 'debug' enabled.
2020-05-27 17:38:30.506 [main] INFO  cn.mrray.raybaas.demo.DemoSpringbootApplication - Starting DemoSpringbootApplication on DESKTOP-71JN9RA with PID 63392 (C:\Users\lenovo\IdeaProjects\raybaas-demo\sdk-demo-spring\target\classes started by lenovo in C:\Users\lenovo\IdeaProjects\raybaas-demo)
2020-05-27 17:38:30.508 [main] INFO  cn.mrray.raybaas.demo.DemoSpringbootApplication - No active profile set, falling back to default profiles: default
2020-05-27 17:38:31.483 [main] INFO  org.springframework.boot.web.embedded.tomcat.TomcatWebServer - Tomcat initialized with port(s): 8085 (http)
2020-05-27 17:38:31.492 [main] INFO  org.apache.coyote.http11.Http11NioProtocol - Initializing ProtocolHandler ["http-nio-8085"]
2020-05-27 17:38:31.498 [main] INFO  org.apache.catalina.core.StandardService - Starting service [Tomcat]
2020-05-27 17:38:31.498 [main] INFO  org.apache.catalina.core.StandardEngine - Starting Servlet Engine: Apache Tomcat/9.0.13
2020-05-27 17:38:31.503 [main] INFO  org.apache.catalina.core.AprLifecycleListener - The APR based Apache Tomcat Native library which allows optimal performance in production environments was not found on the java.library.path: [C:\Program Files\Java\jdk1.8.0_131\bin;C:\WINDOWS\Sun\Java\bin;C:\WINDOWS\system32;C:\WINDOWS;C:\WINDOWS\system32;C:\WINDOWS;C:\WINDOWS\System32\Wbem;C:\WINDOWS\System32\WindowsPowerShell\v1.0\;C:\WINDOWS\System32\OpenSSH\;C:\Program Files (x86)\Intel\Intel(R) Management Engine Components\DAL;C:\Program Files\Intel\Intel(R) Management Engine Components\DAL;D:\node\;D:\SoftwareInstall\Xftp 6;D:\SoftwareInstall\Xshell 6;C:\Python38;C:\Python38\Scripts;C:\Program Files\Java\jdk1.8.0_131\bin;C:\Program Files\Java\jdk1.8.0_131\jre\bin;C:\Program Files (x86)\Windows Kits\8.1\Windows Performance Toolkit\;D:\SoftwareInstall\Pandoc\;D:\maven\apache-maven-3.6.3\bin;C:\Users\lenovo\AppData\Local\Microsoft\WindowsApps;C:\Users\lenovo\AppData\Roaming\npm;;.]
2020-05-27 17:38:31.586 [main] INFO  org.apache.catalina.core.ContainerBase.[Tomcat].[localhost].[/] - Initializing Spring embedded WebApplicationContext
2020-05-27 17:38:31.586 [main] INFO  org.springframework.web.context.ContextLoader - Root WebApplicationContext: initialization completed in 1051 ms
2020-05-27 17:38:31.633 [main] INFO  org.apache.catalina.core.StandardService - Stopping service [Tomcat]
2020-05-27 17:38:31.642 [main] INFO  org.springframework.boot.autoconfigure.logging.ConditionEvaluationReportLoggingListener - 

Error starting ApplicationContext. To display the conditions report re-run your application with 'debug' enabled.
2020-05-27 17:42:42.808 [main] INFO  cn.mrray.raybaas.demo.DemoSpringbootApplication - Starting DemoSpringbootApplication on DESKTOP-71JN9RA with PID 34176 (C:\Users\lenovo\IdeaProjects\raybaas-demo\sdk-demo-spring\target\classes started by lenovo in C:\Users\lenovo\IdeaProjects\raybaas-demo)
2020-05-27 17:42:42.810 [main] INFO  cn.mrray.raybaas.demo.DemoSpringbootApplication - No active profile set, falling back to default profiles: default
2020-05-27 17:42:43.803 [main] INFO  org.springframework.boot.web.embedded.tomcat.TomcatWebServer - Tomcat initialized with port(s): 8085 (http)
2020-05-27 17:42:43.811 [main] INFO  org.apache.coyote.http11.Http11NioProtocol - Initializing ProtocolHandler ["http-nio-8085"]
2020-05-27 17:42:43.817 [main] INFO  org.apache.catalina.core.StandardService - Starting service [Tomcat]
2020-05-27 17:42:43.818 [main] INFO  org.apache.catalina.core.StandardEngine - Starting Servlet Engine: Apache Tomcat/9.0.13
2020-05-27 17:42:43.823 [main] INFO  org.apache.catalina.core.AprLifecycleListener - The APR based Apache Tomcat Native library which allows optimal performance in production environments was not found on the java.library.path: [C:\Program Files\Java\jdk1.8.0_131\bin;C:\WINDOWS\Sun\Java\bin;C:\WINDOWS\system32;C:\WINDOWS;C:\WINDOWS\system32;C:\WINDOWS;C:\WINDOWS\System32\Wbem;C:\WINDOWS\System32\WindowsPowerShell\v1.0\;C:\WINDOWS\System32\OpenSSH\;C:\Program Files (x86)\Intel\Intel(R) Management Engine Components\DAL;C:\Program Files\Intel\Intel(R) Management Engine Components\DAL;D:\node\;D:\SoftwareInstall\Xftp 6;D:\SoftwareInstall\Xshell 6;C:\Python38;C:\Python38\Scripts;C:\Program Files\Java\jdk1.8.0_131\bin;C:\Program Files\Java\jdk1.8.0_131\jre\bin;C:\Program Files (x86)\Windows Kits\8.1\Windows Performance Toolkit\;D:\SoftwareInstall\Pandoc\;D:\maven\apache-maven-3.6.3\bin;C:\Users\lenovo\AppData\Local\Microsoft\WindowsApps;C:\Users\lenovo\AppData\Roaming\npm;;.]
2020-05-27 17:42:43.902 [main] INFO  org.apache.catalina.core.ContainerBase.[Tomcat].[localhost].[/] - Initializing Spring embedded WebApplicationContext
2020-05-27 17:42:43.902 [main] INFO  org.springframework.web.context.ContextLoader - Root WebApplicationContext: initialization completed in 1044 ms
2020-05-27 17:42:43.949 [main] INFO  org.apache.catalina.core.StandardService - Stopping service [Tomcat]
2020-05-27 17:42:43.957 [main] INFO  org.springframework.boot.autoconfigure.logging.ConditionEvaluationReportLoggingListener - 

Error starting ApplicationContext. To display the conditions report re-run your application with 'debug' enabled.
2020-05-27 17:43:27.584 [main] INFO  cn.mrray.raybaas.demo.DemoSpringbootApplication - Starting DemoSpringbootApplication on DESKTOP-71JN9RA with PID 37188 (C:\Users\lenovo\IdeaProjects\raybaas-demo\sdk-demo-spring\target\classes started by lenovo in C:\Users\lenovo\IdeaProjects\raybaas-demo)
2020-05-27 17:43:27.591 [main] INFO  cn.mrray.raybaas.demo.DemoSpringbootApplication - No active profile set, falling back to default profiles: default
2020-05-27 17:43:28.712 [main] INFO  org.springframework.boot.web.embedded.tomcat.TomcatWebServer - Tomcat initialized with port(s): 8085 (http)
2020-05-27 17:43:28.723 [main] INFO  org.apache.coyote.http11.Http11NioProtocol - Initializing ProtocolHandler ["http-nio-8085"]
2020-05-27 17:43:28.730 [main] INFO  org.apache.catalina.core.StandardService - Starting service [Tomcat]
2020-05-27 17:43:28.730 [main] INFO  org.apache.catalina.core.StandardEngine - Starting Servlet Engine: Apache Tomcat/9.0.13
2020-05-27 17:43:28.736 [main] INFO  org.apache.catalina.core.AprLifecycleListener - The APR based Apache Tomcat Native library which allows optimal performance in production environments was not found on the java.library.path: [C:\Program Files\Java\jdk1.8.0_131\bin;C:\WINDOWS\Sun\Java\bin;C:\WINDOWS\system32;C:\WINDOWS;C:\WINDOWS\system32;C:\WINDOWS;C:\WINDOWS\System32\Wbem;C:\WINDOWS\System32\WindowsPowerShell\v1.0\;C:\WINDOWS\System32\OpenSSH\;C:\Program Files (x86)\Intel\Intel(R) Management Engine Components\DAL;C:\Program Files\Intel\Intel(R) Management Engine Components\DAL;D:\node\;D:\SoftwareInstall\Xftp 6;D:\SoftwareInstall\Xshell 6;C:\Python38;C:\Python38\Scripts;C:\Program Files\Java\jdk1.8.0_131\bin;C:\Program Files\Java\jdk1.8.0_131\jre\bin;C:\Program Files (x86)\Windows Kits\8.1\Windows Performance Toolkit\;D:\SoftwareInstall\Pandoc\;D:\maven\apache-maven-3.6.3\bin;C:\Users\lenovo\AppData\Local\Microsoft\WindowsApps;C:\Users\lenovo\AppData\Roaming\npm;;.]
2020-05-27 17:43:28.826 [main] INFO  org.apache.catalina.core.ContainerBase.[Tomcat].[localhost].[/] - Initializing Spring embedded WebApplicationContext
2020-05-27 17:43:28.826 [main] INFO  org.springframework.web.context.ContextLoader - Root WebApplicationContext: initialization completed in 1190 ms
2020-05-27 17:46:20.190 [main] INFO  org.apache.catalina.core.StandardService - Stopping service [Tomcat]
2020-05-27 17:46:20.203 [main] INFO  org.springframework.boot.autoconfigure.logging.ConditionEvaluationReportLoggingListener - 

Error starting ApplicationContext. To display the conditions report re-run your application with 'debug' enabled.
2020-05-27 17:46:22.969 [main] INFO  cn.mrray.raybaas.demo.DemoSpringbootApplication - Starting DemoSpringbootApplication on DESKTOP-71JN9RA with PID 31032 (C:\Users\lenovo\IdeaProjects\raybaas-demo\sdk-demo-spring\target\classes started by lenovo in C:\Users\lenovo\IdeaProjects\raybaas-demo)
2020-05-27 17:46:22.971 [main] INFO  cn.mrray.raybaas.demo.DemoSpringbootApplication - No active profile set, falling back to default profiles: default
2020-05-27 17:46:24.117 [main] INFO  org.springframework.boot.web.embedded.tomcat.TomcatWebServer - Tomcat initialized with port(s): 8080 (http)
2020-05-27 17:46:24.127 [main] INFO  org.apache.coyote.http11.Http11NioProtocol - Initializing ProtocolHandler ["http-nio-8080"]
2020-05-27 17:46:24.133 [main] INFO  org.apache.catalina.core.StandardService - Starting service [Tomcat]
2020-05-27 17:46:24.133 [main] INFO  org.apache.catalina.core.StandardEngine - Starting Servlet Engine: Apache Tomcat/9.0.13
2020-05-27 17:46:24.139 [main] INFO  org.apache.catalina.core.AprLifecycleListener - The APR based Apache Tomcat Native library which allows optimal performance in production environments was not found on the java.library.path: [C:\Program Files\Java\jdk1.8.0_131\bin;C:\WINDOWS\Sun\Java\bin;C:\WINDOWS\system32;C:\WINDOWS;C:\WINDOWS\system32;C:\WINDOWS;C:\WINDOWS\System32\Wbem;C:\WINDOWS\System32\WindowsPowerShell\v1.0\;C:\WINDOWS\System32\OpenSSH\;C:\Program Files (x86)\Intel\Intel(R) Management Engine Components\DAL;C:\Program Files\Intel\Intel(R) Management Engine Components\DAL;D:\node\;D:\SoftwareInstall\Xftp 6;D:\SoftwareInstall\Xshell 6;C:\Python38;C:\Python38\Scripts;C:\Program Files\Java\jdk1.8.0_131\bin;C:\Program Files\Java\jdk1.8.0_131\jre\bin;C:\Program Files (x86)\Windows Kits\8.1\Windows Performance Toolkit\;D:\SoftwareInstall\Pandoc\;D:\maven\apache-maven-3.6.3\bin;C:\Users\lenovo\AppData\Local\Microsoft\WindowsApps;C:\Users\lenovo\AppData\Roaming\npm;;.]
2020-05-27 17:46:24.233 [main] INFO  org.apache.catalina.core.ContainerBase.[Tomcat].[localhost].[/] - Initializing Spring embedded WebApplicationContext
2020-05-27 17:46:24.233 [main] INFO  org.springframework.web.context.ContextLoader - Root WebApplicationContext: initialization completed in 1205 ms
2020-05-27 17:46:24.280 [main] INFO  org.apache.catalina.core.StandardService - Stopping service [Tomcat]
2020-05-27 17:46:24.289 [main] INFO  org.springframework.boot.autoconfigure.logging.ConditionEvaluationReportLoggingListener - 

Error starting ApplicationContext. To display the conditions report re-run your application with 'debug' enabled.
2020-05-27 17:53:59.547 [main] INFO  cn.mrray.raybaas.demo.DemoSpringbootApplication - Starting DemoSpringbootApplication on DESKTOP-71JN9RA with PID 73312 (C:\Users\lenovo\IdeaProjects\raybaas-demo\sdk-demo-spring\target\classes started by lenovo in C:\Users\lenovo\IdeaProjects\raybaas-demo)
2020-05-27 17:53:59.551 [main] INFO  cn.mrray.raybaas.demo.DemoSpringbootApplication - No active profile set, falling back to default profiles: default
2020-05-27 17:54:00.651 [main] INFO  org.springframework.boot.web.embedded.tomcat.TomcatWebServer - Tomcat initialized with port(s): 8085 (http)
2020-05-27 17:54:00.662 [main] INFO  org.apache.coyote.http11.Http11NioProtocol - Initializing ProtocolHandler ["http-nio-8085"]
2020-05-27 17:54:00.669 [main] INFO  org.apache.catalina.core.StandardService - Starting service [Tomcat]
2020-05-27 17:54:00.669 [main] INFO  org.apache.catalina.core.StandardEngine - Starting Servlet Engine: Apache Tomcat/9.0.13
2020-05-27 17:54:00.675 [main] INFO  org.apache.catalina.core.AprLifecycleListener - The APR based Apache Tomcat Native library which allows optimal performance in production environments was not found on the java.library.path: [C:\Program Files\Java\jdk1.8.0_131\bin;C:\WINDOWS\Sun\Java\bin;C:\WINDOWS\system32;C:\WINDOWS;C:\WINDOWS\system32;C:\WINDOWS;C:\WINDOWS\System32\Wbem;C:\WINDOWS\System32\WindowsPowerShell\v1.0\;C:\WINDOWS\System32\OpenSSH\;C:\Program Files (x86)\Intel\Intel(R) Management Engine Components\DAL;C:\Program Files\Intel\Intel(R) Management Engine Components\DAL;D:\node\;D:\SoftwareInstall\Xftp 6;D:\SoftwareInstall\Xshell 6;C:\Python38;C:\Python38\Scripts;C:\Program Files\Java\jdk1.8.0_131\bin;C:\Program Files\Java\jdk1.8.0_131\jre\bin;C:\Program Files (x86)\Windows Kits\8.1\Windows Performance Toolkit\;D:\SoftwareInstall\Pandoc\;D:\maven\apache-maven-3.6.3\bin;C:\Users\lenovo\AppData\Local\Microsoft\WindowsApps;C:\Users\lenovo\AppData\Roaming\npm;;.]
2020-05-27 17:54:00.768 [main] INFO  org.apache.catalina.core.ContainerBase.[Tomcat].[localhost].[/] - Initializing Spring embedded WebApplicationContext
2020-05-27 17:54:00.768 [main] INFO  org.springframework.web.context.ContextLoader - Root WebApplicationContext: initialization completed in 1157 ms
2020-05-27 17:54:26.275 [main] INFO  org.apache.catalina.core.StandardService - Stopping service [Tomcat]
2020-05-27 17:54:26.287 [main] INFO  org.springframework.boot.autoconfigure.logging.ConditionEvaluationReportLoggingListener - 

Error starting ApplicationContext. To display the conditions report re-run your application with 'debug' enabled.
2020-05-27 17:54:29.297 [main] INFO  cn.mrray.raybaas.demo.DemoSpringbootApplication - Starting DemoSpringbootApplication on DESKTOP-71JN9RA with PID 32820 (C:\Users\lenovo\IdeaProjects\raybaas-demo\sdk-demo-spring\target\classes started by lenovo in C:\Users\lenovo\IdeaProjects\raybaas-demo)
2020-05-27 17:54:29.300 [main] INFO  cn.mrray.raybaas.demo.DemoSpringbootApplication - No active profile set, falling back to default profiles: default
2020-05-27 17:54:30.422 [main] INFO  org.springframework.boot.web.embedded.tomcat.TomcatWebServer - Tomcat initialized with port(s): 8085 (http)
2020-05-27 17:54:30.433 [main] INFO  org.apache.coyote.http11.Http11NioProtocol - Initializing ProtocolHandler ["http-nio-8085"]
2020-05-27 17:54:30.439 [main] INFO  org.apache.catalina.core.StandardService - Starting service [Tomcat]
2020-05-27 17:54:30.439 [main] INFO  org.apache.catalina.core.StandardEngine - Starting Servlet Engine: Apache Tomcat/9.0.13
2020-05-27 17:54:30.445 [main] INFO  org.apache.catalina.core.AprLifecycleListener - The APR based Apache Tomcat Native library which allows optimal performance in production environments was not found on the java.library.path: [C:\Program Files\Java\jdk1.8.0_131\bin;C:\WINDOWS\Sun\Java\bin;C:\WINDOWS\system32;C:\WINDOWS;C:\WINDOWS\system32;C:\WINDOWS;C:\WINDOWS\System32\Wbem;C:\WINDOWS\System32\WindowsPowerShell\v1.0\;C:\WINDOWS\System32\OpenSSH\;C:\Program Files (x86)\Intel\Intel(R) Management Engine Components\DAL;C:\Program Files\Intel\Intel(R) Management Engine Components\DAL;D:\node\;D:\SoftwareInstall\Xftp 6;D:\SoftwareInstall\Xshell 6;C:\Python38;C:\Python38\Scripts;C:\Program Files\Java\jdk1.8.0_131\bin;C:\Program Files\Java\jdk1.8.0_131\jre\bin;C:\Program Files (x86)\Windows Kits\8.1\Windows Performance Toolkit\;D:\SoftwareInstall\Pandoc\;D:\maven\apache-maven-3.6.3\bin;C:\Users\lenovo\AppData\Local\Microsoft\WindowsApps;C:\Users\lenovo\AppData\Roaming\npm;;.]
2020-05-27 17:54:30.534 [main] INFO  org.apache.catalina.core.ContainerBase.[Tomcat].[localhost].[/] - Initializing Spring embedded WebApplicationContext
2020-05-27 17:54:30.534 [main] INFO  org.springframework.web.context.ContextLoader - Root WebApplicationContext: initialization completed in 1190 ms
2020-05-27 17:54:38.197 [main] INFO  springfox.documentation.spring.web.PropertySourcedRequestMappingHandlerMapping - Mapped URL path [/v2/api-docs] onto method [public org.springframework.http.ResponseEntity<springfox.documentation.spring.web.json.Json> springfox.documentation.swagger2.web.Swagger2Controller.getDocumentation(java.lang.String,javax.servlet.http.HttpServletRequest)]
2020-05-27 17:54:38.338 [main] INFO  org.springframework.scheduling.concurrent.ThreadPoolTaskExecutor - Initializing ExecutorService 'applicationTaskExecutor'
2020-05-27 17:54:38.508 [main] INFO  springfox.documentation.spring.web.plugins.DocumentationPluginsBootstrapper - Context refreshed
2020-05-27 17:54:38.525 [main] INFO  springfox.documentation.spring.web.plugins.DocumentationPluginsBootstrapper - Found 1 custom documentation plugin(s)
2020-05-27 17:54:38.554 [main] INFO  springfox.documentation.spring.web.scanners.ApiListingReferenceScanner - Scanning for api listing references
2020-05-27 17:54:38.700 [main] INFO  org.apache.coyote.http11.Http11NioProtocol - Starting ProtocolHandler ["http-nio-8085"]
2020-05-27 17:54:38.701 [main] INFO  org.apache.tomcat.util.net.NioSelectorPool - Using a shared selector for servlet write/read
2020-05-27 17:54:38.723 [main] INFO  org.springframework.boot.web.embedded.tomcat.TomcatWebServer - Tomcat started on port(s): 8085 (http) with context path ''
2020-05-27 17:54:38.726 [main] INFO  cn.mrray.raybaas.demo.DemoSpringbootApplication - Started DemoSpringbootApplication in 9.875 seconds (JVM running for 10.671)
2020-05-27 17:57:48.252 [Thread-9] INFO  org.springframework.scheduling.concurrent.ThreadPoolTaskExecutor - Shutting down ExecutorService 'applicationTaskExecutor'
2020-05-27 17:57:50.845 [main] INFO  cn.mrray.raybaas.demo.DemoSpringbootApplication - Starting DemoSpringbootApplication on DESKTOP-71JN9RA with PID 52896 (C:\Users\lenovo\IdeaProjects\raybaas-demo\sdk-demo-spring\target\classes started by lenovo in C:\Users\lenovo\IdeaProjects\raybaas-demo)
2020-05-27 17:57:50.848 [main] INFO  cn.mrray.raybaas.demo.DemoSpringbootApplication - No active profile set, falling back to default profiles: default
2020-05-27 17:57:51.826 [main] INFO  org.springframework.boot.web.embedded.tomcat.TomcatWebServer - Tomcat initialized with port(s): 8085 (http)
2020-05-27 17:57:51.835 [main] INFO  org.apache.coyote.http11.Http11NioProtocol - Initializing ProtocolHandler ["http-nio-8085"]
2020-05-27 17:57:51.840 [main] INFO  org.apache.catalina.core.StandardService - Starting service [Tomcat]
2020-05-27 17:57:51.841 [main] INFO  org.apache.catalina.core.StandardEngine - Starting Servlet Engine: Apache Tomcat/9.0.13
2020-05-27 17:57:51.846 [main] INFO  org.apache.catalina.core.AprLifecycleListener - The APR based Apache Tomcat Native library which allows optimal performance in production environments was not found on the java.library.path: [C:\Program Files\Java\jdk1.8.0_131\bin;C:\WINDOWS\Sun\Java\bin;C:\WINDOWS\system32;C:\WINDOWS;C:\WINDOWS\system32;C:\WINDOWS;C:\WINDOWS\System32\Wbem;C:\WINDOWS\System32\WindowsPowerShell\v1.0\;C:\WINDOWS\System32\OpenSSH\;C:\Program Files (x86)\Intel\Intel(R) Management Engine Components\DAL;C:\Program Files\Intel\Intel(R) Management Engine Components\DAL;D:\node\;D:\SoftwareInstall\Xftp 6;D:\SoftwareInstall\Xshell 6;C:\Python38;C:\Python38\Scripts;C:\Program Files\Java\jdk1.8.0_131\bin;C:\Program Files\Java\jdk1.8.0_131\jre\bin;C:\Program Files (x86)\Windows Kits\8.1\Windows Performance Toolkit\;D:\SoftwareInstall\Pandoc\;D:\maven\apache-maven-3.6.3\bin;C:\Users\lenovo\AppData\Local\Microsoft\WindowsApps;C:\Users\lenovo\AppData\Roaming\npm;;.]
2020-05-27 17:57:51.930 [main] INFO  org.apache.catalina.core.ContainerBase.[Tomcat].[localhost].[/] - Initializing Spring embedded WebApplicationContext
2020-05-27 17:57:51.930 [main] INFO  org.springframework.web.context.ContextLoader - Root WebApplicationContext: initialization completed in 1041 ms
2020-05-27 17:57:52.608 [main] INFO  springfox.documentation.spring.web.PropertySourcedRequestMappingHandlerMapping - Mapped URL path [/v2/api-docs] onto method [public org.springframework.http.ResponseEntity<springfox.documentation.spring.web.json.Json> springfox.documentation.swagger2.web.Swagger2Controller.getDocumentation(java.lang.String,javax.servlet.http.HttpServletRequest)]
2020-05-27 17:57:52.690 [main] INFO  org.springframework.scheduling.concurrent.ThreadPoolTaskExecutor - Initializing ExecutorService 'applicationTaskExecutor'
2020-05-27 17:57:52.801 [main] INFO  springfox.documentation.spring.web.plugins.DocumentationPluginsBootstrapper - Context refreshed
2020-05-27 17:57:52.812 [main] INFO  springfox.documentation.spring.web.plugins.DocumentationPluginsBootstrapper - Found 1 custom documentation plugin(s)
2020-05-27 17:57:52.833 [main] INFO  springfox.documentation.spring.web.scanners.ApiListingReferenceScanner - Scanning for api listing references
2020-05-27 17:57:52.946 [main] INFO  org.apache.coyote.http11.Http11NioProtocol - Starting ProtocolHandler ["http-nio-8085"]
2020-05-27 17:57:52.947 [main] INFO  org.apache.tomcat.util.net.NioSelectorPool - Using a shared selector for servlet write/read
2020-05-27 17:57:52.958 [main] INFO  org.springframework.boot.web.embedded.tomcat.TomcatWebServer - Tomcat started on port(s): 8085 (http) with context path ''
2020-05-27 17:57:52.961 [main] INFO  cn.mrray.raybaas.demo.DemoSpringbootApplication - Started DemoSpringbootApplication in 2.431 seconds (JVM running for 3.126)
2020-05-27 17:59:09.732 [http-nio-8085-exec-1] INFO  org.apache.catalina.core.ContainerBase.[Tomcat].[localhost].[/] - Initializing Spring DispatcherServlet 'dispatcherServlet'
2020-05-27 17:59:09.732 [http-nio-8085-exec-1] INFO  org.springframework.web.servlet.DispatcherServlet - Initializing Servlet 'dispatcherServlet'
2020-05-27 17:59:09.736 [http-nio-8085-exec-1] INFO  org.springframework.web.servlet.DispatcherServlet - Completed initialization in 3 ms
2020-05-27 21:05:01.892 [main] INFO  cn.mrray.raybaas.demo.DemoSpringbootApplication - Starting DemoSpringbootApplication on DESKTOP-71JN9RA with PID 86912 (C:\Users\lenovo\IdeaProjects\raybaas-demo\sdk-demo-spring\target\classes started by lenovo in C:\Users\lenovo\IdeaProjects\raybaas-demo)
2020-05-27 21:05:01.894 [main] INFO  cn.mrray.raybaas.demo.DemoSpringbootApplication - No active profile set, falling back to default profiles: default
2020-05-27 21:05:02.816 [main] INFO  org.springframework.boot.web.embedded.tomcat.TomcatWebServer - Tomcat initialized with port(s): 8085 (http)
2020-05-27 21:05:02.824 [main] INFO  org.apache.coyote.http11.Http11NioProtocol - Initializing ProtocolHandler ["http-nio-8085"]
2020-05-27 21:05:02.830 [main] INFO  org.apache.catalina.core.StandardService - Starting service [Tomcat]
2020-05-27 21:05:02.830 [main] INFO  org.apache.catalina.core.StandardEngine - Starting Servlet Engine: Apache Tomcat/9.0.13
2020-05-27 21:05:02.835 [main] INFO  org.apache.catalina.core.AprLifecycleListener - The APR based Apache Tomcat Native library which allows optimal performance in production environments was not found on the java.library.path: [C:\Program Files\Java\jdk1.8.0_131\bin;C:\WINDOWS\Sun\Java\bin;C:\WINDOWS\system32;C:\WINDOWS;C:\WINDOWS\system32;C:\WINDOWS;C:\WINDOWS\System32\Wbem;C:\WINDOWS\System32\WindowsPowerShell\v1.0\;C:\WINDOWS\System32\OpenSSH\;C:\Program Files (x86)\Intel\Intel(R) Management Engine Components\DAL;C:\Program Files\Intel\Intel(R) Management Engine Components\DAL;D:\node\;D:\SoftwareInstall\Xftp 6;D:\SoftwareInstall\Xshell 6;C:\Python38;C:\Python38\Scripts;C:\Program Files\Java\jdk1.8.0_131\bin;C:\Program Files\Java\jdk1.8.0_131\jre\bin;C:\Program Files (x86)\Windows Kits\8.1\Windows Performance Toolkit\;D:\SoftwareInstall\Pandoc\;D:\maven\apache-maven-3.6.3\bin;C:\Users\lenovo\AppData\Local\Microsoft\WindowsApps;C:\Users\lenovo\AppData\Roaming\npm;;.]
2020-05-27 21:05:02.912 [main] INFO  org.apache.catalina.core.ContainerBase.[Tomcat].[localhost].[/] - Initializing Spring embedded WebApplicationContext
2020-05-27 21:05:02.912 [main] INFO  org.springframework.web.context.ContextLoader - Root WebApplicationContext: initialization completed in 982 ms
2020-05-27 21:05:03.565 [main] INFO  springfox.documentation.spring.web.PropertySourcedRequestMappingHandlerMapping - Mapped URL path [/v2/api-docs] onto method [public org.springframework.http.ResponseEntity<springfox.documentation.spring.web.json.Json> springfox.documentation.swagger2.web.Swagger2Controller.getDocumentation(java.lang.String,javax.servlet.http.HttpServletRequest)]
2020-05-27 21:05:03.642 [main] INFO  org.springframework.scheduling.concurrent.ThreadPoolTaskExecutor - Initializing ExecutorService 'applicationTaskExecutor'
2020-05-27 21:05:03.754 [main] INFO  springfox.documentation.spring.web.plugins.DocumentationPluginsBootstrapper - Context refreshed
2020-05-27 21:05:03.764 [main] INFO  springfox.documentation.spring.web.plugins.DocumentationPluginsBootstrapper - Found 1 custom documentation plugin(s)
2020-05-27 21:05:03.785 [main] INFO  springfox.documentation.spring.web.scanners.ApiListingReferenceScanner - Scanning for api listing references
2020-05-27 21:05:03.895 [main] INFO  org.apache.coyote.http11.Http11NioProtocol - Starting ProtocolHandler ["http-nio-8085"]
2020-05-27 21:05:03.896 [main] INFO  org.apache.tomcat.util.net.NioSelectorPool - Using a shared selector for servlet write/read
2020-05-27 21:05:03.908 [main] INFO  org.springframework.boot.web.embedded.tomcat.TomcatWebServer - Tomcat started on port(s): 8085 (http) with context path ''
2020-05-27 21:05:03.910 [main] INFO  cn.mrray.raybaas.demo.DemoSpringbootApplication - Started DemoSpringbootApplication in 2.302 seconds (JVM running for 2.972)
